\BOOKMARK [1][-]{toc1.1}{Contents}{}% 1
\BOOKMARK [1][-]{section.1}{1 Introduction}{}% 2
\BOOKMARK [1][-]{section.2}{2 User's guide}{}% 3
\BOOKMARK [2][-]{subsection.2.1}{2.1 Installation}{section.2}% 4
\BOOKMARK [2][-]{subsection.2.2}{2.2 Invocation and options}{section.2}% 5
\BOOKMARK [2][-]{subsection.2.3}{2.3 Top matter}{section.2}% 6
\BOOKMARK [2][-]{subsection.2.4}{2.4 Algorithms}{section.2}% 7
\BOOKMARK [2][-]{subsection.2.5}{2.5 Figures and tables}{section.2}% 8
\BOOKMARK [2][-]{subsection.2.6}{2.6 Descriptions of images}{section.2}% 9
\BOOKMARK [2][-]{subsection.2.7}{2.7 Theorems}{section.2}% 10
\BOOKMARK [2][-]{subsection.2.8}{2.8 Online-only and offline-only material}{section.2}% 11
\BOOKMARK [2][-]{subsection.2.9}{2.9 Note about anonymous mode}{section.2}% 12
\BOOKMARK [2][-]{subsection.2.10}{2.10 Acknowledgments}{section.2}% 13
\BOOKMARK [2][-]{subsection.2.11}{2.11 Bibliography}{section.2}% 14
\BOOKMARK [2][-]{subsection.2.12}{2.12 Colors}{section.2}% 15
\BOOKMARK [2][-]{subsection.2.13}{2.13 Other notable packages and typographic remarks}{section.2}% 16
\BOOKMARK [2][-]{subsection.2.14}{2.14 Counting words}{section.2}% 17
\BOOKMARK [2][-]{subsection.2.15}{2.15 Disabled or forbidden commands}{section.2}% 18
\BOOKMARK [2][-]{subsection.2.16}{2.16 Notes for wizards}{section.2}% 19
\BOOKMARK [2][-]{subsection.2.17}{2.17 Currently supported publications}{section.2}% 20
\BOOKMARK [2][-]{subsection.2.18}{2.18 A note about sigchi-a format}{section.2}% 21
\BOOKMARK [1][-]{bib2.1}{References}{}% 22
